<?xml version="1.0" encoding="UTF-8"?>
<testsuite xmlns:xsi="http://www.w3.org/2001/XMLSchema-instance" xsi:noNamespaceSchemaLocation="https://maven.apache.org/surefire/maven-surefire-plugin/xsd/surefire-test-report-3.0.xsd" version="3.0" name="com.paymenthandler.UserServiceTest" time="1.369" tests="5" errors="0" skipped="0" failures="0">
  <properties>
[...]
</properties>
  <testcase name="updateUserNameTest" classname="com.paymenthandler.UserServiceTest" time="1.283">
    <system-out><![CDATA[After Test
]]></system-out>
  </testcase>
  <testcase name="createUserTest" classname="com.paymenthandler.UserServiceTest" time="0.01">
    <system-out><![CDATA[After Test
]]></system-out>
  </testcase>
  <testcase name="getUserById_NotFoundtest" classname="com.paymenthandler.UserServiceTest" time="0.001">
    <system-out><![CDATA[After Test
]]></system-out>
  </testcase>
  <testcase name="deleteUserTest" classname="com.paymenthandler.UserServiceTest" time="0.004">
    <system-out><![CDATA[After Test
]]></system-out>
  </testcase>
  <testcase name="getUserByIdTest" classname="com.paymenthandler.UserServiceTest" time="0.005">
    <system-out><![CDATA[After Test
]]></system-out>
  </testcase>
</testsuite>